Thu Sep 14 23:30:57 2023 [12052][1][SECURITY] OutboundEmail::checkSavePermissions - not logged in - skipping check
Thu Sep 14 23:30:57 2023 [12052][1][FATAL] User update error: Temp User is not retrieved at ID 1, boolean given
Thu Sep 14 23:30:57 2023 [12052][1][FATAL] Email address save error
Thu Sep 14 23:31:03 2023 [12052][1][SECURITY] Invalid ext  logger_file_ext : ''.
Thu Sep 14 23:31:03 2023 [12052][1][SECURITY] Setting logger_file_ext to '.log'.
Thu Sep 14 23:31:03 2023 [12052][1][SECURITY] Setting logger_file_name to ''.
Thu Sep 14 23:31:03 2023 [12052][1][SECURITY] Log file extension can't be blank.
Thu Sep 14 23:31:03 2023 [12052][1][SECURITY] Setting logger_file_name to ''.
Thu Sep 14 23:31:03 2023 [12052][1][SECURITY] Log file extension can't be blank.
Mon Sep 18 17:33:05 2023 [1276][1][FATAL] Email address save error
Mon Sep 18 17:45:00 2023 [1276][1][FATAL] Exception handling in C:\xampp\htdocs\SuiteCRM-7.14\include\MVC\Controller\SugarController.php:397
Mon Sep 18 17:45:00 2023 [1276][1][FATAL] Exception in Controller: Error al recuperar registro.  Este registro puede haber sido eliminado o puede que no esté autorizado para verlo.
Mon Sep 18 18:27:08 2023 [1276][1][SECURITY] Invalid ext  logger_file_ext : ''.
Mon Sep 18 18:27:08 2023 [1276][1][SECURITY] Setting logger_file_ext to '.log'.
Mon Sep 18 18:27:08 2023 [1276][1][SECURITY] Setting logger_file_name to ''.
Mon Sep 18 18:27:08 2023 [1276][1][SECURITY] Log file extension can't be blank.
Mon Sep 18 18:27:08 2023 [1276][1][SECURITY] Setting logger_file_name to ''.
Mon Sep 18 18:27:08 2023 [1276][1][SECURITY] Log file extension can't be blank.
Mon Sep 18 19:20:16 2023 [1276][1][FATAL] User update error: Temp User is not retrieved at ID e7625530-031d-1943-db5d-650886f7fcb4, boolean given
Mon Sep 18 19:20:17 2023 [1276][1][FATAL] Email address save error
Mon Sep 18 19:22:41 2023 [1276][e7625530-031d-1943-db5d-650886f7fcb4][FATAL] Email address save error
Tue Sep 19 21:49:40 2023 [14424][1][FATAL] Exception handling in C:\xampp\htdocs\SuiteCRM-7.14\include\MVC\Controller\SugarController.php:397
Tue Sep 19 21:49:40 2023 [14424][1][FATAL] Exception in Controller: Subpanel was not defined
Thu Sep 21 15:24:03 2023 [16404][1][FATAL] Exception handling in C:\xampp\htdocs\SuiteCRM-7.14\include\MVC\Controller\SugarController.php:397
Thu Sep 21 15:24:03 2023 [16404][1][FATAL] Exception in Controller: Error: El campo ya existe
Thu Sep 21 23:00:40 2023 [13532][1][FATAL] Action = editLayout with unknown view=SearchView
Thu Sep 21 23:00:51 2023 [13532][1][FATAL] Action = editLayout with unknown view=SearchView
Thu Sep 21 23:01:06 2023 [13532][1][FATAL] UndeployedMetaDataImplementation->getFileName(): view type custom is not recognized
Thu Sep 21 23:01:06 2023 [13532][1][FATAL] UndeployedMetaDataImplementation->getFileName(): view type custom is not recognized
Thu Sep 21 23:01:10 2023 [13532][1][FATAL] UndeployedMetaDataImplementation->getFileName(): view type custom is not recognized
Thu Sep 21 23:01:10 2023 [13532][1][FATAL] UndeployedMetaDataImplementation->getFileName(): view type custom is not recognized
Mon Sep 25 22:42:35 2023 [2756][-none-][FATAL] SECURITY: User authentication for jkondor failed
Mon Sep 25 22:42:35 2023 [2756][-none-][FATAL] FAILED LOGIN:attempts[1], ip[::1], username[jkondor]
Tue Dec 12 20:25:08 2023 [3904][-none-][FATAL] SECURITY: User authentication for soporte failed
Tue Dec 12 20:25:08 2023 [3904][-none-][FATAL] FAILED LOGIN:attempts[1], ip[::1], username[soporte]
Tue Dec 12 20:29:19 2023 [3904][-none-][FATAL] SECURITY: User authentication for admin failed
Tue Dec 12 20:29:21 2023 [3904][-none-][FATAL] FAILED LOGIN:attempts[1], ip[::1], username[admin]
Tue Dec 12 20:29:30 2023 [3904][-none-][FATAL] SECURITY: User authentication for admin failed
Tue Dec 12 20:29:31 2023 [3904][-none-][FATAL] FAILED LOGIN:attempts[1], ip[::1], username[admin]
Tue Dec 12 20:29:54 2023 [3904][-none-][FATAL] SECURITY: User authentication for admin failed
Tue Dec 12 20:29:54 2023 [3904][-none-][FATAL] FAILED LOGIN:attempts[1], ip[::1], username[admin]
Tue Dec 12 20:29:57 2023 [3904][-none-][FATAL] SECURITY: User authentication for admin failed
Tue Dec 12 20:29:57 2023 [3904][-none-][FATAL] FAILED LOGIN:attempts[2], ip[::1], username[admin]
Tue Dec 12 20:29:58 2023 [3904][-none-][FATAL] SECURITY: User authentication for admin failed
Tue Dec 12 20:29:58 2023 [3904][-none-][FATAL] FAILED LOGIN:attempts[3], ip[::1], username[admin]
Tue Dec 19 02:27:45 2023 [8432][-none-][FATAL] SECURITY: User authentication for soporte failed
Tue Dec 19 02:27:45 2023 [8432][-none-][FATAL] FAILED LOGIN:attempts[1], ip[::1], username[soporte]
Tue Dec 19 02:27:52 2023 [8432][-none-][FATAL] SECURITY: User authentication for admin failed
Tue Dec 19 02:27:54 2023 [8432][-none-][FATAL] FAILED LOGIN:attempts[1], ip[::1], username[admin]
